// copy following code to "svg_element.h":
#include "svg_el/svg_radial_gradient.h"
#include "svg_el/svg_circle.h"
#include "svg_el/svg_ellipse.h"
#include "svg_el/svg_path.h"
#include "svg_el/svg_line.h"
#include "svg_el/svg_g.h"
#include "svg_el/svg_mask.h"
#include "svg_el/svg_rect.h"
#include "svg_el/svg_image.h"
#include "svg_el/svg_text.h"
#include "svg_el/svg_pattern.h"
#include "svg_el/svg_polyline.h"
#include "svg_el/svg_marker.h"
#include "svg_el/svg_polygon.h"
#include "svg_el/svg_defs.h"
#include "svg_el/svg_foreign_object.h"
#include "svg_el/svg_linear_gradient.h"
#include "svg_el/svg_stop.h"
#include "svg_el/svg_use.h"
