// copy following code to "svg_element.h":
#include "svg_element/svg_radial_gradient.h"
#include "svg_element/svg_circle.h"
#include "svg_element/svg_ellipse.h"
#include "svg_element/svg_path.h"
#include "svg_element/svg_line.h"
#include "svg_element/svg_g.h"
#include "svg_element/svg_mask.h"
#include "svg_element/svg_rect.h"
#include "svg_element/svg_image.h"
#include "svg_element/svg_text.h"
#include "svg_element/svg_pattern.h"
#include "svg_element/svg_polyline.h"
#include "svg_element/svg_marker.h"
#include "svg_element/svg_polygon.h"
#include "svg_element/svg_defs.h"
#include "svg_element/svg_foreign_object.h"
#include "svg_element/svg_linear_gradient.h"
#include "svg_element/svg_stop.h"
#include "svg_element/svg_use.h"
